<?xml version="1.0" encoding="UTF-8"?>
<!-- Generated by org.testng.reporters.JUnitReportReporter -->
<testsuite hostname="Avass-MacBook-Air.local" failures="0" tests="2" name="com.app.AppTest" time="0.017" errors="0" timestamp="2023-09-17T15:15:57 IST" skipped="0">
  <testcase classname="com.app.AppTest" name="testLogin1" time="0.016"/>
  <system-out/>
  <testcase classname="com.app.AppTest" name="testLogin2" time="0.001"/>
  <system-out/>
</testsuite> <!-- com.app.AppTest -->
