<?xml version="1.0" encoding="UTF-8"?>
<!-- Generated by org.testng.reporters.JUnitReportReporter -->
<testsuite hostname="Avass-MacBook-Air.local" failures="0" tests="1" name="com.app.LoginTest" time="11.328" errors="0" timestamp="2023-09-17T15:15:57 IST" skipped="0">
  <testcase classname="com.app.LoginTest" name="loginTest" time="11.328"/>
  <system-out/>
</testsuite> <!-- com.app.LoginTest -->
